{"C:\\Users\\송민정\\ClaudecodeProjects\\gr8\\gr8-frontend\\src\\App.tsx": {"path":"C:\\Users\\송민정\\ClaudecodeProjects\\gr8\\gr8-frontend\\src\\App.tsx","statementMap":{"0":{"start":{"line":2,"column":2},"end":{"line":13,"column":null}}},"fnMap":{"0":{"name":"App","decl":{"start":{"line":1,"column":16},"end":{"line":1,"column":22}},"loc":{"start":{"line":1,"column":22},"end":{"line":15,"column":null}},"line":1}},"branchMap":{},"s":{"0":3},"f":{"0":3},"b":{},"meta":{"lastBranch":0,"lastFunction":1,"lastStatement":1,"seen":{"f:1:16:1:22":0,"s:2:2:13:Infinity":0}}}
}
